-6.871215549834560621e-01
-5.868700134635647103e-01
-5.496446823682179517e-01
-5.745071090522727575e-01
-5.302134223417561687e-01
-5.924669972031362253e-01
-6.301937875005991785e-01
-6.126278867032919351e-01
-6.254234274337663324e-01
-5.828292075953983575e-01
-5.944360428365684790e-01
-5.820205115060195222e-01
-5.929098855140824131e-01
-5.167935497467736061e-01
-5.493352353910074815e-01
-6.277199214192961119e-01
-6.874719295247806450e-01
-6.324250234404154014e-01
-6.144387936350022006e-01
-5.667719670071101890e-01
-5.968287326862358189e-01
-6.133271405548672561e-01
-6.509927626474929507e-01
-6.199981792807511827e-01
-5.921838680764656138e-01
-5.474400835353330219e-01
-4.905725748760119131e-01
-5.027210495752136854e-01
-4.285362537149370876e-01
-4.146920562065730120e-01
-4.139803654998905902e-01
-3.799171399153060680e-01
-3.892012957211381519e-01
-3.899740100453417124e-01
-2.988857505491194777e-01
-3.363480230156077333e-01
-3.244951353500031832e-01
-3.288776900289647198e-01
-2.944111185107980422e-01
-3.312033023299784107e-01
-5.131799362493241201e-01
-6.101551273230660932e-01
-6.611474896760508591e-01
-6.901436180533653264e-01
-7.666824194018125871e-01
-6.836060292089636281e-01
-6.676038508494134271e-01
-6.170986176532990974e-01
-5.043435810595262581e-01
-3.867142771806685309e-01
-4.404021596876154243e-01
-4.718344793200168752e-01
-4.179168453623434143e-01
-2.976727820704549998e-01
-1.826634524687592576e-01
-1.407455211221653180e-01
-1.998746090910091810e-01
-3.549428514661184808e-01
-3.970341535373332897e-01
-4.309209448276960508e-01
-3.537701685872938207e-01
-5.276513349498492822e-01
-5.455586807267736038e-01
-4.508719146836054348e-01
-4.564478862148014793e-01
-3.567193075010381964e-01
-3.375320815969609090e-01
-3.587250066941876092e-01
-4.543148105310520490e-01
-3.447843966520309777e-01
-3.237890544630219747e-01
-3.941659987780998797e-01
-3.729207643534622196e-01
-3.763503955052049932e-01
-3.520380594760903481e-01
-3.586074365060488711e-01
-3.119885834460868201e-01
-3.106173934220021193e-01
-2.192106106500466556e-01
-2.844300385191395053e-01
-3.268381921628087383e-01
-4.318010426022642623e-01
-4.846873816279155811e-01
-5.386329165932273177e-01
-5.627969532909073980e-01
-5.158200157461487745e-01
-5.665003961106678254e-01
-5.661415942085010755e-01
-6.674786095988467505e-01
-6.184675956814567055e-01
-6.802534512585395321e-01
-5.812473083857339073e-01
-6.719833504214663966e-01
-6.256312642810487601e-01
-6.465113090066791912e-01
-6.582924126751021898e-01
-6.993714392596219742e-01
-7.020818538027232547e-01
-6.877087902979462930e-01
-6.810146079966188370e-01
-5.528861945402192557e-01
-5.360668225116602681e-01
-5.979964372981578791e-01
-6.679124850556165116e-01
-7.120944632173205058e-01
-7.440486277299553919e-01
-7.040382996808458582e-01
-7.098700752340992848e-01
-6.944662305973119398e-01
-7.173074314850343969e-01
-7.234611282395062570e-01
-8.766373847232968863e-01
-8.588211299299886026e-01
-8.679100518979137036e-01
-8.881482337483370681e-01
-9.045720736491953406e-01
-9.400017067566588391e-01
-8.079768308574029057e-01
-7.566508651761320037e-01
-8.403139832492740879e-01
-7.300494467407397936e-01
-7.431181703039562159e-01
-6.563995752044083920e-01
-6.921343422932481060e-01
-7.172436248323097452e-01
-6.615638464522562989e-01
-6.140160975981447944e-01
-7.619897856359697519e-01
-6.820809021066865929e-01
-6.764179188323584668e-01
-5.369979540384456351e-01
-6.121869191770374918e-01
-5.876624949422490918e-01
-6.574762942647074393e-01
-7.309543954485910877e-01
-7.682581994479347198e-01
-6.935565666704096577e-01
-7.059805573171269444e-01
-6.838324021699305755e-01
-6.744098716554591810e-01
-7.702560086512524329e-01
-6.712321859546277469e-01
-7.484594405371249870e-01
-6.703350733364474845e-01
-6.093816774222442501e-01
-6.519454612196442511e-01
-6.916731178874135910e-01
-6.642435747366248755e-01
-6.389927047206979127e-01
-6.702629365509378268e-01
-5.673616778729739796e-01
-5.661216202307595147e-01
-5.379682717915716950e-01
-5.239719486927307823e-01
-4.556051209236132160e-01
-3.091771509800749218e-01
-4.131406540473909761e-01
-4.175450071740424152e-01
-2.840185033576383411e-01
-3.899164672326612679e-01
-4.764931419614752972e-01
-4.738037524246552223e-01
-5.804205931504200500e-01
-5.748541840814513915e-01
-4.736222836621810650e-01
-4.549100749450698533e-01
-5.228423370620954858e-01
-4.241472404037894273e-01
-3.989326759438834857e-01
-3.028234354283867447e-01
-2.831339435892277212e-01
-2.776041047457450395e-01
-3.469066008807313306e-01
-3.737508433549726616e-01
-4.328312081045820880e-01
-5.514998706376101900e-01
-5.334636116048709908e-01
-6.228062724554894736e-01
-6.567133332656747147e-01
-6.523287324099595885e-01
-5.805436647907711301e-01
-4.775029629953617127e-01
-5.474111522986837564e-01
-5.141540472464309897e-01
-5.613612626795008165e-01
-5.835111409020800055e-01
-6.041267449693485947e-01
-5.876209547665189881e-01
-6.355806049863856888e-01
-6.099204394937083329e-01
-5.240387995792002984e-01
-5.277872035921076233e-01
-6.338551861318264535e-01
-5.291739109064985680e-01
-4.621509282100319527e-01
-5.464358325222875568e-01
-4.475012577319241736e-01
-4.312018070279380333e-01
-4.312578130436128254e-01
-3.500753531922204953e-01
-2.384306231692784883e-01
-2.254096736271050117e-01
-2.054015219423603322e-01
-2.078717493426073259e-01
-2.689017583133198608e-01
-3.334965706825834264e-01
-3.776704872273693447e-01
-2.786410288967775539e-01
-2.893933867681511840e-01
-3.521034992852342671e-01
-4.174115094110654733e-01
-4.326518541864400325e-01
-4.933214724125755679e-01
-4.247326894282883458e-01
-3.989659565296512778e-01
-5.208936658100777883e-01
-5.404996979954670433e-01
-5.634820361335333150e-01
-4.795668699700619264e-01
-5.150743770404432320e-01
-5.478687923680887195e-01
-6.016666841137090493e-01
-5.095570795997914626e-01
-5.769125897375075862e-01
-5.222535695508337961e-01
-3.352355553641916397e-01
-3.353181479105309393e-01
-4.415709271154628635e-01
-3.981463818070791749e-01
-3.790816215740315798e-01
-4.364361238599961945e-01
-4.888043109316199120e-01
-4.155974758325868823e-01
-3.970295083142043602e-01
-3.949613740445937493e-01
-4.005701559299574277e-01
-3.368583769728281663e-01
-3.183955099210964423e-01
-4.420329803063970942e-01
-4.785984368634989550e-01
-4.846906587566677249e-01
-5.342575632863505453e-01
-5.180543233433438921e-01
-6.597213932479648602e-01
-6.286226717029896882e-01
-6.118231810315467589e-01
-5.410052612456476284e-01
-6.273786923402989713e-01
-5.509976589276780468e-01
-4.500142103068577315e-01
-4.972057288550245646e-01
-5.267863825409646594e-01
-4.758354105499344455e-01
-4.610410205268059003e-01
-5.144575410529710346e-01
-6.185439572663545826e-01
-5.609765156190429369e-01
-4.901795549150763653e-01
-4.688222784639181073e-01
-5.963393822925731058e-01
-5.794856571991187089e-01
-5.141977298890896275e-01
-5.240754002249001786e-01
-5.430829287386889082e-01
-5.419289382674045141e-01
-5.304951145872915941e-01
-6.205161888672381387e-01
-6.059681695663230450e-01
-6.177329330130207907e-01
-6.829030010237040482e-01
-6.373423932640843725e-01
-6.010578016903723730e-01
-6.711988714984687965e-01
-5.829228503133949690e-01
-6.200153482746764144e-01
-6.289846160521281870e-01
-5.778841062470380097e-01
-4.931614834341611076e-01
-4.635337754105008923e-01
-4.776588712392717540e-01
-5.133090362162755493e-01
-5.600489051116848138e-01
-5.221063069645539567e-01
-4.748461504730722704e-01
-3.517798986562440389e-01
-3.054040927533686056e-01
-2.346130519472754417e-01
-2.557983617401729526e-01
-2.549423600817495306e-01
-2.194406473740788677e-01
-1.476325724087200753e-01
3.778674612108579023e-02
7.248099038859590060e-03
-4.101687333224468546e-06
-2.653627301566291452e-02
-7.152414347729679767e-02
-1.083827224554693158e-01
-1.817997642247968781e-01
-1.733918373120487133e-01
-1.420299770627782565e-01
-1.085481085099335719e-01
-1.769360613545747363e-01
-1.743352972742561735e-01
-2.377216929982435834e-01
-1.906895118224716801e-01
-3.685908070083684374e-01
-3.653999897775643824e-01
-4.450930891194202488e-01
-4.329610591566200317e-01
-6.031516193233555923e-01
-5.890340320253486528e-01
-5.854858876399904322e-01
-5.070851540704639504e-01
-5.288805920049368670e-01
-5.731072700976942436e-01
-5.457211617961886807e-01
-5.336985442288378900e-01
-4.565889185720513055e-01
-3.213330517194629143e-01
-3.005410884726350540e-01
-2.697967446957266757e-01
-3.150742335622964685e-01
-2.793368663078251712e-01
-3.056769088578250582e-01
-3.230438912001210028e-01
-3.840056091260782845e-01
-3.194266685054003574e-01
-2.764926389520018235e-01
-2.779051795910296718e-01
-1.706805980387627875e-01
-2.260824706315980315e-01
-1.753847477629222329e-01
-2.865503405176813567e-01
-3.109524402014899325e-01
-3.045974879308079863e-01
-2.037351728308632870e-01
-8.166603720581011583e-02
-1.850579048483167455e-01
-2.127083306756857306e-01
-1.656924245150172004e-01
-1.098615278474289747e-01
-1.689888819501799699e-01
-1.808538072544498276e-01
-1.771470391999189764e-01
-2.645154944827457499e-01
-2.520213003281467357e-01
-2.990998019230677873e-01
-2.673877934343695251e-01
-2.943038734075442697e-01
-2.991609343602130155e-01
-3.517364463350238779e-01
-3.022549439508996905e-01
-2.882429987562989404e-01
-2.842564824724980732e-01
-2.455337789031655227e-01
-2.685271115201768866e-01
-1.714313096613370169e-01
-1.192556382578909280e-01
-9.268194742977797773e-02
-9.057309374580135852e-02
-9.785123987044119787e-02
-5.409797349859968296e-03
-1.431270559206958559e-01
-8.309570033590663041e-02
-1.738168288332154754e-01
-4.682417281907252926e-02
-1.442286010104867344e-01
-1.306029681806566978e-01
-1.153700199743559196e-01
-1.284783871222174301e-01
-1.296730631190431415e-01
-1.901188762961789069e-01
-2.271930028105570432e-01
-1.710351783214493215e-01
-1.792667895198910011e-01
-1.541155280606156253e-01
-1.534921435717187532e-01
-2.088947340547234743e-01
-1.618309242419495031e-01
-2.221802585302222188e-01
-2.366971540189662937e-01
-2.120980734778841192e-01
-1.273945336533061634e-01
-6.134065615475636779e-02
-1.540472577164403445e-01
-1.824866630094965636e-01
-1.461099626855669187e-01
-1.334778928153321220e-01
-1.641781131798175641e-01
-1.382707705607237880e-01
-1.946396977629141212e-01
-2.489909251449722305e-01
-2.001500579329797969e-01
-2.286547431428488930e-01
-1.093534234300582719e-01
-2.058382036748143129e-01
-1.338125871538585199e-01
-3.496973555108784382e-02
1.827904890496856449e-02
1.285332505207298359e-02
