9.522771403303339488e-01
9.682586787648967963e-01
9.840586204070312926e-01
9.290651426620073483e-01
9.740709258993840436e-01
1.043974771329908124e+00
1.095645613810126484e+00
1.076195685926264023e+00
8.716299159544671493e-01
8.608049910209893962e-01
8.288145328228694320e-01
7.902703451050094863e-01
7.285604391523375911e-01
6.672407692116043565e-01
5.559255148977310101e-01
5.226552448811704332e-01
5.094440473857347884e-01
5.181847821477094662e-01
4.271424151524587653e-01
3.891037711353368955e-01
4.403189316765435679e-01
3.688796255770157018e-01
4.828316882922236708e-01
3.824923402329586941e-01
5.446456651570241725e-01
4.545567807523707149e-01
4.040754776826072647e-01
4.845505892179443608e-01
4.305198513148064121e-01
3.745693894516110567e-01
4.184607379006928252e-01
4.388493299858553520e-01
4.358902422960557743e-01
4.442959961240669498e-01
5.599004013931661028e-01
6.932050411069226037e-01
7.596981001465683558e-01
7.377296623648240681e-01
5.207044538816940626e-01
4.194482805137476067e-01
5.572026529884713808e-01
4.644624704064995724e-01
3.456245684679786212e-01
3.009135149766209993e-01
3.991138370137521374e-01
5.048550579850801245e-01
4.638219238746569273e-01
3.817468667579214658e-01
3.849648120607876978e-01
2.576085818928423588e-01
2.749530851017562560e-01
2.668808465568027755e-01
2.789108387570256031e-01
3.692648734339807337e-01
2.887228592998254406e-01
3.463008411992651303e-01
4.020078689301773700e-01
4.113531415136443270e-01
3.689184633906524291e-01
3.930807130761055923e-01
5.641768374998782365e-01
6.795239499586074317e-01
6.073477540175291622e-01
7.410744185133543160e-01
6.964075919866294928e-01
4.810195107757668787e-01
4.292955937032248981e-01
4.427315837618441274e-01
4.902562764819884400e-01
5.056379174804206400e-01
5.005220726246988328e-01
4.592928688101717283e-01
3.924888710591104557e-01
5.389371301876589859e-01
3.456279433843952864e-01
2.724631430025996615e-01
1.995447239011920448e-01
2.666031689057024590e-01
3.389535340562013221e-01
4.461293964185590322e-01
3.979633334327903338e-01
4.306955783830390683e-01
4.702755442887547321e-01
5.398757754198009184e-01
4.570716069218299649e-01
3.212064184886925799e-01
5.205427441857906068e-01
5.095867440598478293e-01
6.149400422528811250e-01
6.197408798429845378e-01
6.287837049121867139e-01
6.560637338722192791e-01
4.747195749188241609e-01
3.841033902689647839e-01
4.463120559403645493e-01
3.819137763632121652e-01
4.802669252937305511e-01
5.901549003442634334e-01
6.139848083162509074e-01
5.702996862499727371e-01
5.635048031739372520e-01
4.955292870019325502e-01
3.389413744751279545e-01
4.247775542708956964e-01
5.160359709223087954e-01
6.821557341916840711e-01
8.663185985025768643e-01
8.077498821722346456e-01
8.332827121365153911e-01
8.667198666565048004e-01
8.604445841844755583e-01
7.203187196124842817e-01
6.983259590815359408e-01
7.852659507000022687e-01
7.213729284739107683e-01
7.863883070828010524e-01
1.005091504237972888e+00
9.201462853354849258e-01
1.099985213431000197e+00
1.145597747951168532e+00
1.110128822324430109e+00
1.066619787291767318e+00
1.023722713833375764e+00
1.083448488029990386e+00
1.034913805227803296e+00
1.176385130820592817e+00
1.317279930633395102e+00
1.301442348047797459e+00
1.298636588555295068e+00
1.304315258416594014e+00
1.386343323933221683e+00
1.398916667648796519e+00
1.502760446840528896e+00
1.287708014572511495e+00
1.226601358884643611e+00
1.160431342069609073e+00
1.276357657899426234e+00
1.232805762484855405e+00
1.325660572456428321e+00
1.328341054550858491e+00
1.156849712981756095e+00
9.235084749667313853e-01
8.675128274299652720e-01
9.499390819855690893e-01
8.693043576347933010e-01
8.413248277476440551e-01
7.654755108796562624e-01
7.228887709212903356e-01
7.098385015448134272e-01
6.164602491810635687e-01
6.158493421242456911e-01
3.634225358720501453e-01
5.373343222198380120e-01
4.736218656519990966e-01
5.496173204833432191e-01
5.382024375170206820e-01
4.874361151230353073e-01
4.348652048061057984e-01
4.995327891589901315e-01
5.037146759155607390e-01
5.512195844065692629e-01
5.091600812913174012e-01
3.050121623005920268e-01
3.031453911105105870e-01
2.699828979966586440e-01
2.234825021667578571e-01
3.746068554664875316e-01
3.247009288113955061e-01
3.536472320231999200e-01
3.706476724061778527e-01
3.294997136838417329e-01
3.170018767570728646e-01
3.941759867802434592e-01
4.258241367646178888e-01
5.164039698402266287e-01
4.363286244471679676e-01
3.324850335486270181e-01
4.091252319985128061e-01
5.571084488043522853e-01
5.874473796728920671e-01
5.563580094959580391e-01
5.262887602667145615e-01
6.594383796313367796e-01
7.407425874106072783e-01
7.033291790043514347e-01
7.035055300237560427e-01
4.857142841535391775e-01
5.564708248815631864e-01
4.880516167808858219e-01
4.249159628019117951e-01
5.193845409925930134e-01
5.927578663038862716e-01
4.236450916594218796e-01
4.092704808477287681e-01
4.320460495130323819e-01
5.340364555075820530e-01
3.502154799636933991e-01
2.852698836338111166e-01
2.543149429207637868e-01
1.564348326381439225e-01
